# JRE version: OpenJDK Runtime Environment Temurin-21.0.7+6 (21.0.7+6) (build 21.0.7+6-LTS)
# Java VM: OpenJDK 64-Bit Server VM Temurin-21.0.7+6 (21.0.7+6-LTS, mixed mode, sharing, tiered, compressed oops, compressed class ptrs, parallel gc, windows-amd64)
GC Precious Log:
 CardTable entry size: 512
 CPUs: 16 total, 16 available
 Memory: 18277M
 Large Page Support: Disabled
 NUMA Support: Disabled
 Compressed Oops: Enabled (32-bit)
 Alignments: Space 512K, Generation 512K, Heap 2M
 Heap Min Capacity: 100M
 Heap Initial Capacity: 100M
 Heap Max Capacity: 1G
 Pre-touch: Disabled
 Parallel Workers: 13
Heap:
 PSYoungGen      total 2560K, used 1630K [0x00000000eab00000, 0x00000000eb000000, 0x0000000100000000)
  eden space 2048K, 59% used [0x00000000eab00000,0x00000000eac2f9e0,0x00000000ead00000)
  from space 512K, 81% used [0x00000000eaf00000,0x00000000eaf68000,0x00000000eaf80000)
  to   space 512K, 0% used [0x00000000eaf80000,0x00000000eaf80000,0x00000000eb000000)
 ParOldGen       total 576512K, used 576364K [0x00000000c0000000, 0x00000000e3300000, 0x00000000eab00000)
  object space 576512K, 99% used [0x00000000c0000000,0x00000000e32db398,0x00000000e3300000)
 Metaspace       used 69299K, committed 71040K, reserved 1114112K
  class space    used 7029K, committed 7744K, reserved 1048576K
GC Heap History (20 events):
Event: 81.823 GC heap before
{Heap before GC invocations=1595 (full 3):
 PSYoungGen      total 5632K, used 5620K [0x00000000eab00000, 0x00000000eb700000, 0x0000000100000000)
  eden space 4096K, 100% used [0x00000000eab00000,0x00000000eaf00000,0x00000000eaf00000)
  from space 1536K, 99% used [0x00000000eaf80000,0x00000000eb0fd130,0x00000000eb100000)
  to   space 4096K, 0% used [0x00000000eb300000,0x00000000eb300000,0x00000000eb700000)
 ParOldGen       total 562688K, used 562208K [0x00000000c0000000, 0x00000000e2580000, 0x00000000eab00000)
  object space 562688K, 99% used [0x00000000c0000000,0x00000000e2508300,0x00000000e2580000)
 Metaspace       used 68423K, committed 70080K, reserved 1114112K
  class space    used 6946K, committed 7680K, reserved 1048576K
}
Event: 81.827 GC heap after
{Heap after GC invocations=1595 (full 3):
 PSYoungGen      total 8192K, used 3728K [0x00000000eab00000, 0x00000000eb700000, 0x0000000100000000)
  eden space 4096K, 0% used [0x00000000eab00000,0x00000000eab00000,0x00000000eaf00000)
  from space 4096K, 91% used [0x00000000eb300000,0x00000000eb6a43f8,0x00000000eb700000)
  to   space 4096K, 0% used [0x00000000eaf00000,0x00000000eaf00000,0x00000000eb300000)
 ParOldGen       total 564224K, used 563679K [0x00000000c0000000, 0x00000000e2700000, 0x00000000eab00000)
  object space 564224K, 99% used [0x00000000c0000000,0x00000000e2677d08,0x00000000e2700000)
 Metaspace       used 68423K, committed 70080K, reserved 1114112K
  class space    used 6946K, committed 7680K, reserved 1048576K
}
Event: 81.874 GC heap before
{Heap before GC invocations=1596 (full 3):
 PSYoungGen      total 8192K, used 7824K [0x00000000eab00000, 0x00000000eb700000, 0x0000000100000000)
  eden space 4096K, 100% used [0x00000000eab00000,0x00000000eaf00000,0x00000000eaf00000)
  from space 4096K, 91% used [0x00000000eb300000,0x00000000eb6a43f8,0x00000000eb700000)
  to   space 4096K, 0% used [0x00000000eaf00000,0x00000000eaf00000,0x00000000eb300000)
 ParOldGen       total 564224K, used 563679K [0x00000000c0000000, 0x00000000e2700000, 0x00000000eab00000)
  object space 564224K, 99% used [0x00000000c0000000,0x00000000e2677d08,0x00000000e2700000)
 Metaspace       used 68465K, committed 70144K, reserved 1114112K
  class space    used 6954K, committed 7680K, reserved 1048576K
}
Event: 81.880 GC heap after
{Heap after GC invocations=1596 (full 3):
 PSYoungGen      total 7680K, used 3433K [0x00000000eab00000, 0x00000000eb600000, 0x0000000100000000)
  eden space 4096K, 0% used [0x00000000eab00000,0x00000000eab00000,0x00000000eaf00000)
  from space 3584K, 95% used [0x00000000eaf00000,0x00000000eb25a6c8,0x00000000eb280000)
  to   space 3584K, 0% used [0x00000000eb280000,0x00000000eb280000,0x00000000eb600000)
 ParOldGen       total 567296K, used 567213K [0x00000000c0000000, 0x00000000e2a00000, 0x00000000eab00000)
  object space 567296K, 99% used [0x00000000c0000000,0x00000000e29eb510,0x00000000e2a00000)
 Metaspace       used 68465K, committed 70144K, reserved 1114112K
  class space    used 6954K, committed 7680K, reserved 1048576K
}
Event: 81.905 GC heap before
{Heap before GC invocations=1597 (full 3):
 PSYoungGen      total 7680K, used 7529K [0x00000000eab00000, 0x00000000eb600000, 0x0000000100000000)
  eden space 4096K, 99% used [0x00000000eab00000,0x00000000eaefff98,0x00000000eaf00000)
  from space 3584K, 95% used [0x00000000eaf00000,0x00000000eb25a6c8,0x00000000eb280000)
  to   space 3584K, 0% used [0x00000000eb280000,0x00000000eb280000,0x00000000eb600000)
 ParOldGen       total 567296K, used 567213K [0x00000000c0000000, 0x00000000e2a00000, 0x00000000eab00000)
  object space 567296K, 99% used [0x00000000c0000000,0x00000000e29eb510,0x00000000e2a00000)
 Metaspace       used 68491K, committed 70144K, reserved 1114112K
  class space    used 6967K, committed 7680K, reserved 1048576K
}
Event: 81.910 GC heap after
{Heap after GC invocations=1597 (full 3):
 PSYoungGen      total 4096K, used 3584K [0x00000000eab00000, 0x00000000ebe00000, 0x0000000100000000)
  eden space 512K, 0% used [0x00000000eab00000,0x00000000eab00000,0x00000000eab80000)
  from space 3584K, 100% used [0x00000000eb280000,0x00000000eb600000,0x00000000eb600000)
  to   space 7168K, 0% used [0x00000000eab80000,0x00000000eab80000,0x00000000eb280000)
 ParOldGen       total 570880K, used 570502K [0x00000000c0000000, 0x00000000e2d80000, 0x00000000eab00000)
  object space 570880K, 99% used [0x00000000c0000000,0x00000000e2d21850,0x00000000e2d80000)
 Metaspace       used 68491K, committed 70144K, reserved 1114112K
  class space    used 6967K, committed 7680K, reserved 1048576K
}
Event: 81.913 GC heap before
{Heap before GC invocations=1598 (full 3):
 PSYoungGen      total 4096K, used 4095K [0x00000000eab00000, 0x00000000ebe00000, 0x0000000100000000)
  eden space 512K, 99% used [0x00000000eab00000,0x00000000eab7ffa0,0x00000000eab80000)
  from space 3584K, 100% used [0x00000000eb280000,0x00000000eb600000,0x00000000eb600000)
  to   space 7168K, 0% used [0x00000000eab80000,0x00000000eab80000,0x00000000eb280000)
 ParOldGen       total 570880K, used 570502K [0x00000000c0000000, 0x00000000e2d80000, 0x00000000eab00000)
  object space 570880K, 99% used [0x00000000c0000000,0x00000000e2d21850,0x00000000e2d80000)
 Metaspace       used 68492K, committed 70144K, reserved 1114112K
  class space    used 6967K, committed 7680K, reserved 1048576K
}
Event: 81.919 GC heap after
{Heap after GC invocations=1598 (full 3):
 PSYoungGen      total 1536K, used 672K [0x00000000eab00000, 0x00000000eb300000, 0x0000000100000000)
  eden space 512K, 0% used [0x00000000eab00000,0x00000000eab00000,0x00000000eab80000)
  from space 1024K, 65% used [0x00000000eab80000,0x00000000eac28000,0x00000000eac80000)
  to   space 3072K, 0% used [0x00000000eb000000,0x00000000eb000000,0x00000000eb300000)
 ParOldGen       total 574464K, used 574025K [0x00000000c0000000, 0x00000000e3100000, 0x00000000eab00000)
  object space 574464K, 99% used [0x00000000c0000000,0x00000000e3092530,0x00000000e3100000)
 Metaspace       used 68492K, committed 70144K, reserved 1114112K
  class space    used 6967K, committed 7680K, reserved 1048576K
}
Event: 81.921 GC heap before
{Heap before GC invocations=1599 (full 3):
 PSYoungGen      total 1536K, used 1184K [0x00000000eab00000, 0x00000000eb300000, 0x0000000100000000)
  eden space 512K, 100% used [0x00000000eab00000,0x00000000eab80000,0x00000000eab80000)
  from space 1024K, 65% used [0x00000000eab80000,0x00000000eac28000,0x00000000eac80000)
  to   space 3072K, 0% used [0x00000000eb000000,0x00000000eb000000,0x00000000eb300000)
 ParOldGen       total 574464K, used 574025K [0x00000000c0000000, 0x00000000e3100000, 0x00000000eab00000)
  object space 574464K, 99% used [0x00000000c0000000,0x00000000e3092530,0x00000000e3100000)
 Metaspace       used 68493K, committed 70144K, reserved 1114112K
  class space    used 6967K, committed 7680K, reserved 1048576K
}
Event: 81.924 GC heap after
{Heap after GC invocations=1599 (full 3):
 PSYoungGen      total 2048K, used 608K [0x00000000eab00000, 0x00000000eb100000, 0x0000000100000000)
  eden space 1024K, 0% used [0x00000000eab00000,0x00000000eab00000,0x00000000eac00000)
  from space 1024K, 59% used [0x00000000eb000000,0x00000000eb098000,0x00000000eb100000)
  to   space 1024K, 0% used [0x00000000eaf00000,0x00000000eaf00000,0x00000000eb000000)
 ParOldGen       total 574976K, used 574481K [0x00000000c0000000, 0x00000000e3180000, 0x00000000eab00000)
  object space 574976K, 99% used [0x00000000c0000000,0x00000000e3104530,0x00000000e3180000)
 Metaspace       used 68493K, committed 70144K, reserved 1114112K
  class space    used 6967K, committed 7680K, reserved 1048576K
}
Event: 81.936 GC heap before
{Heap before GC invocations=1600 (full 3):
 PSYoungGen      total 2048K, used 1632K [0x00000000eab00000, 0x00000000eb100000, 0x0000000100000000)
  eden space 1024K, 100% used [0x00000000eab00000,0x00000000eac00000,0x00000000eac00000)
  from space 1024K, 59% used [0x00000000eb000000,0x00000000eb098000,0x00000000eb100000)
  to   space 1024K, 0% used [0x00000000eaf00000,0x00000000eaf00000,0x00000000eb000000)
 ParOldGen       total 574976K, used 574481K [0x00000000c0000000, 0x00000000e3180000, 0x00000000eab00000)
  object space 574976K, 99% used [0x00000000c0000000,0x00000000e3104530,0x00000000e3180000)
 Metaspace       used 68523K, committed 70144K, reserved 1114112K
  class space    used 6971K, committed 7680K, reserved 1048576K
}
Event: 81.939 GC heap after
{Heap after GC invocations=1600 (full 3):
 PSYoungGen      total 2560K, used 832K [0x00000000eab00000, 0x00000000eb080000, 0x0000000100000000)
  eden space 1536K, 0% used [0x00000000eab00000,0x00000000eab00000,0x00000000eac80000)
  from space 1024K, 81% used [0x00000000eaf00000,0x00000000eafd0000,0x00000000eb000000)
  to   space 512K, 0% used [0x00000000eb000000,0x00000000eb000000,0x00000000eb080000)
 ParOldGen       total 574976K, used 574953K [0x00000000c0000000, 0x00000000e3180000, 0x00000000eab00000)
  object space 574976K, 99% used [0x00000000c0000000,0x00000000e317a530,0x00000000e3180000)
 Metaspace       used 68523K, committed 70144K, reserved 1114112K
  class space    used 6971K, committed 7680K, reserved 1048576K
}
Event: 81.957 GC heap before
{Heap before GC invocations=1601 (full 3):
 PSYoungGen      total 2560K, used 2331K [0x00000000eab00000, 0x00000000eb080000, 0x0000000100000000)
  eden space 1536K, 97% used [0x00000000eab00000,0x00000000eac76ce0,0x00000000eac80000)
  from space 1024K, 81% used [0x00000000eaf00000,0x00000000eafd0000,0x00000000eb000000)
  to   space 512K, 0% used [0x00000000eb000000,0x00000000eb000000,0x00000000eb080000)
 ParOldGen       total 574976K, used 574953K [0x00000000c0000000, 0x00000000e3180000, 0x00000000eab00000)
  object space 574976K, 99% used [0x00000000c0000000,0x00000000e317a530,0x00000000e3180000)
 Metaspace       used 68534K, committed 70144K, reserved 1114112K
  class space    used 6971K, committed 7680K, reserved 1048576K
}
Event: 81.960 GC heap after
{Heap after GC invocations=1601 (full 3):
 PSYoungGen      total 2560K, used 484K [0x00000000eab00000, 0x00000000eb080000, 0x0000000100000000)
  eden space 2048K, 0% used [0x00000000eab00000,0x00000000eab00000,0x00000000ead00000)
  from space 512K, 94% used [0x00000000eb000000,0x00000000eb0793d0,0x00000000eb080000)
  to   space 1536K, 0% used [0x00000000ead80000,0x00000000ead80000,0x00000000eaf00000)
 ParOldGen       total 576000K, used 575713K [0x00000000c0000000, 0x00000000e3280000, 0x00000000eab00000)
  object space 576000K, 99% used [0x00000000c0000000,0x00000000e3238530,0x00000000e3280000)
 Metaspace       used 68534K, committed 70144K, reserved 1114112K
  class space    used 6971K, committed 7680K, reserved 1048576K
}
Event: 83.293 GC heap before
{Heap before GC invocations=1602 (full 3):
 PSYoungGen      total 2560K, used 2532K [0x00000000eab00000, 0x00000000eb080000, 0x0000000100000000)
  eden space 2048K, 100% used [0x00000000eab00000,0x00000000ead00000,0x00000000ead00000)
  from space 512K, 94% used [0x00000000eb000000,0x00000000eb0793d0,0x00000000eb080000)
  to   space 1536K, 0% used [0x00000000ead80000,0x00000000ead80000,0x00000000eaf00000)
 ParOldGen       total 576000K, used 575713K [0x00000000c0000000, 0x00000000e3280000, 0x00000000eab00000)
  object space 576000K, 99% used [0x00000000c0000000,0x00000000e3238530,0x00000000e3280000)
 Metaspace       used 68754K, committed 70400K, reserved 1114112K
  class space    used 6984K, committed 7680K, reserved 1048576K
}
Event: 83.295 GC heap after
{Heap after GC invocations=1602 (full 3):
 PSYoungGen      total 3584K, used 416K [0x00000000eab00000, 0x00000000eb080000, 0x0000000100000000)
  eden space 2048K, 0% used [0x00000000eab00000,0x00000000eab00000,0x00000000ead00000)
  from space 1536K, 27% used [0x00000000ead80000,0x00000000eade8000,0x00000000eaf00000)
  to   space 1024K, 0% used [0x00000000eaf80000,0x00000000eaf80000,0x00000000eb080000)
 ParOldGen       total 576512K, used 576073K [0x00000000c0000000, 0x00000000e3300000, 0x00000000eab00000)
  object space 576512K, 99% used [0x00000000c0000000,0x00000000e3292530,0x00000000e3300000)
 Metaspace       used 68754K, committed 70400K, reserved 1114112K
  class space    used 6984K, committed 7680K, reserved 1048576K
}
Event: 99.652 GC heap before
{Heap before GC invocations=1603 (full 3):
 PSYoungGen      total 3584K, used 2464K [0x00000000eab00000, 0x00000000eb080000, 0x0000000100000000)
  eden space 2048K, 100% used [0x00000000eab00000,0x00000000ead00000,0x00000000ead00000)
  from space 1536K, 27% used [0x00000000ead80000,0x00000000eade8000,0x00000000eaf00000)
  to   space 1024K, 0% used [0x00000000eaf80000,0x00000000eaf80000,0x00000000eb080000)
 ParOldGen       total 576512K, used 576073K [0x00000000c0000000, 0x00000000e3300000, 0x00000000eab00000)
  object space 576512K, 99% used [0x00000000c0000000,0x00000000e3292530,0x00000000e3300000)
 Metaspace       used 68943K, committed 70592K, reserved 1114112K
  class space    used 6999K, committed 7680K, reserved 1048576K
}
Event: 99.654 GC heap after
{Heap after GC invocations=1603 (full 3):
 PSYoungGen      total 2560K, used 416K [0x00000000eab00000, 0x00000000eb000000, 0x0000000100000000)
  eden space 2048K, 0% used [0x00000000eab00000,0x00000000eab00000,0x00000000ead00000)
  from space 512K, 81% used [0x00000000eaf80000,0x00000000eafe8000,0x00000000eb000000)
  to   space 512K, 0% used [0x00000000eaf00000,0x00000000eaf00000,0x00000000eaf80000)
 ParOldGen       total 576512K, used 576260K [0x00000000c0000000, 0x00000000e3300000, 0x00000000eab00000)
  object space 576512K, 99% used [0x00000000c0000000,0x00000000e32c1398,0x00000000e3300000)
 Metaspace       used 68943K, committed 70592K, reserved 1114112K
  class space    used 6999K, committed 7680K, reserved 1048576K
}
Event: 332.760 GC heap before
{Heap before GC invocations=1604 (full 3):
 PSYoungGen      total 2560K, used 2456K [0x00000000eab00000, 0x00000000eb000000, 0x0000000100000000)
  eden space 2048K, 99% used [0x00000000eab00000,0x00000000eacfe150,0x00000000ead00000)
  from space 512K, 81% used [0x00000000eaf80000,0x00000000eafe8000,0x00000000eb000000)
  to   space 512K, 0% used [0x00000000eaf00000,0x00000000eaf00000,0x00000000eaf80000)
 ParOldGen       total 576512K, used 576260K [0x00000000c0000000, 0x00000000e3300000, 0x00000000eab00000)
  object space 576512K, 99% used [0x00000000c0000000,0x00000000e32c1398,0x00000000e3300000)
 Metaspace       used 69096K, committed 70784K, reserved 1114112K
  class space    used 7017K, committed 7744K, reserved 1048576K
}
Event: 332.762 GC heap after
{Heap after GC invocations=1604 (full 3):
 PSYoungGen      total 2560K, used 416K [0x00000000eab00000, 0x00000000eb000000, 0x0000000100000000)
  eden space 2048K, 0% used [0x00000000eab00000,0x00000000eab00000,0x00000000ead00000)
  from space 512K, 81% used [0x00000000eaf00000,0x00000000eaf68000,0x00000000eaf80000)
  to   space 512K, 0% used [0x00000000eaf80000,0x00000000eaf80000,0x00000000eb000000)
 ParOldGen       total 576512K, used 576364K [0x00000000c0000000, 0x00000000e3300000, 0x00000000eab00000)
  object space 576512K, 99% used [0x00000000c0000000,0x00000000e32db398,0x00000000e3300000)
 Metaspace       used 69096K, committed 70784K, reserved 1114112K
  class space    used 7017K, committed 7744K, reserved 1048576K
}

